[Sun Feb  1 17:35:15 PST 2026] Starting backup...
[Sun Feb  1 17:35:16 PST 2026] Archive created: clawdbot-backup-2026-02-01.tar.gz ( 20M)
[Sun Feb  1 17:35:21 PST 2026] Backup uploaded successfully
[Sun Feb  1 17:35:22 PST 2026] Backup complete!
[2026-02-01 18:18:11] =========================================
[2026-02-01 18:18:11] 🔧 Backup started (2026-02-01)
[2026-02-01 18:18:11] =========================================
[2026-02-01 18:18:11] 📦 Step 1: Snapshotting database...
[2026-02-01 18:18:11]   Database snapshot:  20K
[2026-02-01 18:18:11] 📦 Step 2: Creating workspace archive...
[2026-02-01 18:18:12]   Archive created: kande-backup-2026-02-01-1818.tar.gz ( 20M)
[2026-02-01 18:18:12] 📤 Step 3: Uploading to Google Drive...
[2026-02-01 18:18:12]   [DRY RUN] Would upload kande-backup-2026-02-01-1818.tar.gz to gdrive:KandeVendTech-Backups/daily/
[2026-02-01 18:18:12]   [DRY RUN] Would upload database-2026-02-01.json to gdrive:KandeVendTech-Backups/database/
[2026-02-01 18:18:12] 🗑️ Step 4: Enforcing 8-day retention...
[2026-02-01 18:18:12]   [DRY RUN] Would prune backups older than 8 days
[2026-02-01 18:18:12] ✔️ Step 5: Verifying upload...
[2026-02-01 18:18:12] =========================================
[2026-02-01 18:18:12] ✅ Backup complete!
[2026-02-01 18:18:12]   Archive: kande-backup-2026-02-01-1818.tar.gz ( 20M)
[2026-02-01 18:18:12]   Database: database-2026-02-01.json
[2026-02-01 18:18:12]   Destination: gdrive:KandeVendTech-Backups
[2026-02-01 18:18:12]   ⚠ DRY RUN — nothing was uploaded
[2026-02-01 18:18:12] =========================================
[2026-02-01 18:18:12] Temp files cleaned up
[2026-02-02 03:00:23] =========================================
[2026-02-02 03:00:23] Temp files cleaned up
[2026-02-02 03:00:26] =========================================
[2026-02-02 03:00:26] Temp files cleaned up
[2026-02-03 03:00:31] =========================================
[2026-02-03 03:00:31] Temp files cleaned up
[2026-02-03 03:01:19] =========================================
[2026-02-03 03:01:19] 🔧 Backup started (2026-02-03)
[2026-02-03 03:01:19] =========================================
[2026-02-03 03:01:19] 📦 Step 1: Snapshotting database...
[2026-02-03 03:01:19]   Database snapshot:  64K
[2026-02-03 03:01:19] 📦 Step 2: Creating workspace archive...
[2026-02-03 03:01:20]   Archive created: kande-backup-2026-02-03-0301.tar.gz ( 21M)
[2026-02-03 03:01:20] 📤 Step 3: Uploading to Google Drive...
[2026-02-03 03:01:30]   ✅ Upload complete
[2026-02-03 03:01:30] 🗑️ Step 4: Enforcing 8-day retention...
[2026-02-03 03:01:32]   Old backups pruned
[2026-02-03 03:01:32] ✔️ Step 5: Verifying upload...
[2026-02-03 03:01:33]   ✅ Verified: backup exists on Google Drive
[2026-02-03 03:01:34]   Total daily backups on Drive: 1
[2026-02-03 03:01:34] =========================================
[2026-02-03 03:01:34] ✅ Backup complete!
[2026-02-03 03:01:34]   Archive: kande-backup-2026-02-03-0301.tar.gz ( 21M)
[2026-02-03 03:01:34]   Database: database-2026-02-03.json
[2026-02-03 03:01:34]   Destination: gdrive:KandeVendTech-Backups
[2026-02-03 03:01:34] =========================================
[2026-02-03 03:01:34] Temp files cleaned up
[2026-02-04 03:00:32] =========================================
[2026-02-04 03:00:32] Temp files cleaned up
[2026-02-04 03:00:42] =========================================
[2026-02-04 03:00:42] Temp files cleaned up
[2026-02-04 03:01:11] =========================================
[2026-02-04 03:01:11] 🔧 Backup started (2026-02-04)
[2026-02-04 03:01:11] =========================================
[2026-02-04 03:01:11] 📦 Step 1: Snapshotting database...
[2026-02-04 03:01:11]   Database snapshot:  72K
[2026-02-04 03:01:11] 📦 Step 2: Creating workspace archive...
[2026-02-04 03:01:12]   Archive created: kande-backup-2026-02-04-0301.tar.gz ( 22M)
[2026-02-04 03:01:12] 📤 Step 3: Uploading to Google Drive...
[2026-02-04 03:01:18]   ✅ Upload complete
[2026-02-04 03:01:18] 🗑️ Step 4: Enforcing 8-day retention...
[2026-02-04 03:01:20]   Old backups pruned
[2026-02-04 03:01:20] ✔️ Step 5: Verifying upload...
[2026-02-04 03:01:21]   ✅ Verified: backup exists on Google Drive
[2026-02-04 03:01:22]   Total daily backups on Drive: 2
[2026-02-04 03:01:22] =========================================
[2026-02-04 03:01:22] ✅ Backup complete!
[2026-02-04 03:01:22]   Archive: kande-backup-2026-02-04-0301.tar.gz ( 22M)
[2026-02-04 03:01:22]   Database: database-2026-02-04.json
[2026-02-04 03:01:22]   Destination: gdrive:KandeVendTech-Backups
[2026-02-04 03:01:22] =========================================
[2026-02-04 03:01:22] Temp files cleaned up
[2026-02-05 03:00:14] =========================================
[2026-02-05 03:00:14] 🔧 Backup started (2026-02-05)
[2026-02-05 03:00:14] =========================================
[2026-02-05 03:00:14] 📦 Step 1: Snapshotting database...
[2026-02-05 03:00:14]   Database snapshot:  88K
[2026-02-05 03:00:14] 📦 Step 2: Creating workspace archive...
[2026-02-05 03:00:15]   Archive created: kande-backup-2026-02-05-0300.tar.gz ( 22M)
[2026-02-05 03:00:15] 📤 Step 3: Uploading to Google Drive...
[2026-02-05 03:00:21]   ✅ Upload complete
[2026-02-05 03:00:21] 🗑️ Step 4: Enforcing 8-day retention...
[2026-02-05 03:00:23]   Old backups pruned
[2026-02-05 03:00:23] ✔️ Step 5: Verifying upload...
[2026-02-05 03:00:24]   ✅ Verified: backup exists on Google Drive
[2026-02-05 03:00:25]   Total daily backups on Drive: 3
[2026-02-05 03:00:25] =========================================
[2026-02-05 03:00:25] ✅ Backup complete!
[2026-02-05 03:00:25]   Archive: kande-backup-2026-02-05-0300.tar.gz ( 22M)
[2026-02-05 03:00:25]   Database: database-2026-02-05.json
[2026-02-05 03:00:25]   Destination: gdrive:KandeVendTech-Backups
[2026-02-05 03:00:25] =========================================
[2026-02-05 03:00:25] Temp files cleaned up
[2026-02-06 03:00:12] =========================================
[2026-02-06 03:00:12] 🔧 Backup started (2026-02-06)
[2026-02-06 03:00:12] =========================================
[2026-02-06 03:00:12] 📦 Step 1: Snapshotting database...
[2026-02-06 03:00:12]   Database snapshot:  88K
[2026-02-06 03:00:12] 📦 Step 2: Creating workspace archive...
[2026-02-06 03:00:14]   Archive created: kande-backup-2026-02-06-0300.tar.gz ( 44M)
[2026-02-06 03:00:14] 📤 Step 3: Uploading to Google Drive...
[2026-02-06 03:00:25]   ✅ Upload complete
[2026-02-06 03:00:25] 🗑️ Step 4: Enforcing 8-day retention...
[2026-02-06 03:00:27]   Old backups pruned
[2026-02-06 03:00:27] ✔️ Step 5: Verifying upload...
[2026-02-06 03:00:28]   ✅ Verified: backup exists on Google Drive
[2026-02-06 03:00:29]   Total daily backups on Drive: 4
[2026-02-06 03:00:29] =========================================
[2026-02-06 03:00:29] ✅ Backup complete!
[2026-02-06 03:00:29]   Archive: kande-backup-2026-02-06-0300.tar.gz ( 44M)
[2026-02-06 03:00:29]   Database: database-2026-02-06.json
[2026-02-06 03:00:29]   Destination: gdrive:KandeVendTech-Backups
[2026-02-06 03:00:29] =========================================
[2026-02-06 03:00:29] Temp files cleaned up
[2026-02-07 03:00:10] =========================================
[2026-02-07 03:00:10] 🔧 Backup started (2026-02-07)
[2026-02-07 03:00:10] =========================================
[2026-02-07 03:00:10] 📦 Step 1: Snapshotting database...
[2026-02-07 03:00:10]   Database snapshot:  88K
[2026-02-07 03:00:10] 📦 Step 2: Creating workspace archive...
[2026-02-07 03:00:12]   Archive created: kande-backup-2026-02-07-0300.tar.gz ( 43M)
[2026-02-07 03:00:12] 📤 Step 3: Uploading to Google Drive...
[2026-02-07 03:00:23]   ✅ Upload complete
[2026-02-07 03:00:23] 🗑️ Step 4: Enforcing 8-day retention...
[2026-02-07 03:00:24]   Old backups pruned
[2026-02-07 03:00:24] ✔️ Step 5: Verifying upload...
[2026-02-07 03:00:25]   ✅ Verified: backup exists on Google Drive
[2026-02-07 03:00:26]   Total daily backups on Drive: 5
[2026-02-07 03:00:26] =========================================
[2026-02-07 03:00:26] ✅ Backup complete!
[2026-02-07 03:00:26]   Archive: kande-backup-2026-02-07-0300.tar.gz ( 43M)
[2026-02-07 03:00:26]   Database: database-2026-02-07.json
[2026-02-07 03:00:26]   Destination: gdrive:KandeVendTech-Backups
[2026-02-07 03:00:26] =========================================
[2026-02-07 03:00:26] Temp files cleaned up
[2026-02-08 03:00:09] =========================================
[2026-02-08 03:00:09] 🔧 Backup started (2026-02-08)
[2026-02-08 03:00:09] =========================================
[2026-02-08 03:00:09] 📦 Step 1: Snapshotting database...
[2026-02-08 03:00:09]   Database snapshot:  88K
[2026-02-08 03:00:09] 📦 Step 2: Creating workspace archive...
[2026-02-08 03:00:11]   Archive created: kande-backup-2026-02-08-0300.tar.gz ( 44M)
[2026-02-08 03:00:11] 📤 Step 3: Uploading to Google Drive...
[2026-02-08 03:00:19]   ✅ Upload complete
[2026-02-08 03:00:19] 🗑️ Step 4: Enforcing 8-day retention...
[2026-02-08 03:00:21]   Old backups pruned
[2026-02-08 03:00:21] ✔️ Step 5: Verifying upload...
[2026-02-08 03:00:21]   ✅ Verified: backup exists on Google Drive
[2026-02-08 03:00:22]   Total daily backups on Drive: 6
[2026-02-08 03:00:22] =========================================
[2026-02-08 03:00:22] ✅ Backup complete!
[2026-02-08 03:00:22]   Archive: kande-backup-2026-02-08-0300.tar.gz ( 44M)
[2026-02-08 03:00:22]   Database: database-2026-02-08.json
[2026-02-08 03:00:22]   Destination: gdrive:KandeVendTech-Backups
[2026-02-08 03:00:22] =========================================
[2026-02-08 03:00:22] Temp files cleaned up
[2026-02-09 03:00:07] =========================================
[2026-02-09 03:00:07] 🔧 Backup started (2026-02-09)
[2026-02-09 03:00:07] =========================================
[2026-02-09 03:00:07] 📦 Step 1: Snapshotting database...
[2026-02-09 03:00:07]   Database snapshot:  88K
[2026-02-09 03:00:07] 📦 Step 2: Creating workspace archive...
[2026-02-09 03:00:09]   Archive created: kande-backup-2026-02-09-0300.tar.gz ( 44M)
[2026-02-09 03:00:09] 📤 Step 3: Uploading to Google Drive...
[2026-02-09 03:00:16]   ✅ Upload complete
[2026-02-09 03:00:16] 🗑️ Step 4: Enforcing 8-day retention...
[2026-02-10 03:00:08] =========================================
[2026-02-10 03:00:08] 🔧 Backup started (2026-02-10)
[2026-02-10 03:00:08] =========================================
[2026-02-10 03:00:08] 📦 Step 1: Snapshotting database...
[2026-02-10 03:00:08]   Database snapshot:  88K
[2026-02-10 03:00:08] 📦 Step 2: Creating workspace archive...
[2026-02-10 03:00:10]   Archive created: kande-backup-2026-02-10-0300.tar.gz ( 44M)
[2026-02-10 03:00:10] 📤 Step 3: Uploading to Google Drive...
[2026-02-10 03:00:22]   ✅ Upload complete
[2026-02-10 03:00:22] 🗑️ Step 4: Enforcing 8-day retention...
[2026-02-10 03:00:24]   Old backups pruned
[2026-02-10 03:00:24] ✔️ Step 5: Verifying upload...
[2026-02-10 03:00:25]   ✅ Verified: backup exists on Google Drive
[2026-02-10 03:00:26]   Total daily backups on Drive: 8
[2026-02-10 03:00:26] =========================================
[2026-02-10 03:00:26] ✅ Backup complete!
[2026-02-10 03:00:26]   Archive: kande-backup-2026-02-10-0300.tar.gz ( 44M)
[2026-02-10 03:00:26]   Database: database-2026-02-10.json
[2026-02-10 03:00:26]   Destination: gdrive:KandeVendTech-Backups
[2026-02-10 03:00:26] =========================================
[2026-02-10 03:00:26] Temp files cleaned up
[2026-02-11 03:00:13] =========================================
[2026-02-11 03:00:13] 🔧 Backup started (2026-02-11)
[2026-02-11 03:00:13] =========================================
[2026-02-11 03:00:13] 📦 Step 1: Snapshotting database...
[2026-02-11 03:00:13]   Database snapshot:  88K
[2026-02-11 03:00:13] 📦 Step 2: Creating workspace archive...
[2026-02-11 03:00:15]   Archive created: kande-backup-2026-02-11-0300.tar.gz ( 44M)
[2026-02-11 03:00:15] 📤 Step 3: Uploading to Google Drive...
[2026-02-12 03:00:09] =========================================
[2026-02-12 03:00:09] 🔧 Backup started (2026-02-12)
[2026-02-12 03:00:09] =========================================
[2026-02-12 03:00:09] 📦 Step 1: Snapshotting database...
[2026-02-12 03:00:09]   Database snapshot:  88K
[2026-02-12 03:00:09] 📦 Step 2: Creating workspace archive...
[2026-02-12 03:00:11]   Archive created: kande-backup-2026-02-12-0300.tar.gz ( 44M)
[2026-02-12 03:00:11] 📤 Step 3: Uploading to Google Drive...
[2026-02-12 03:00:22]   ✅ Upload complete
[2026-02-12 03:00:22] 🗑️ Step 4: Enforcing 8-day retention...
[2026-02-12 03:00:30]   Old backups pruned
[2026-02-12 03:00:30] ✔️ Step 5: Verifying upload...
[2026-02-12 03:00:31]   ✅ Verified: backup exists on Google Drive
[2026-02-12 03:00:32]   Total daily backups on Drive: 9
[2026-02-12 03:00:32] =========================================
[2026-02-12 03:00:32] ✅ Backup complete!
[2026-02-12 03:00:32]   Archive: kande-backup-2026-02-12-0300.tar.gz ( 44M)
[2026-02-12 03:00:32]   Database: database-2026-02-12.json
[2026-02-12 03:00:32]   Destination: gdrive:KandeVendTech-Backups
[2026-02-12 03:00:32] =========================================
[2026-02-12 03:00:32] Temp files cleaned up
[2026-02-13 03:00:18] =========================================
[2026-02-13 03:00:18] 🔧 Backup started (2026-02-13)
[2026-02-13 03:00:18] =========================================
[2026-02-13 03:00:18] 📦 Step 1: Snapshotting database...
[2026-02-13 03:00:18]   Database snapshot:  88K
[2026-02-13 03:00:19] 📦 Step 2: Creating workspace archive...
[2026-02-13 03:00:21]   Archive created: kande-backup-2026-02-13-0300.tar.gz ( 44M)
[2026-02-13 03:00:21] 📤 Step 3: Uploading to Google Drive...
[2026-02-13 03:00:29]   ✅ Upload complete
[2026-02-13 03:00:29] 🗑️ Step 4: Enforcing 8-day retention...
[2026-02-13 03:00:32]   Old backups pruned
[2026-02-13 03:00:32] ✔️ Step 5: Verifying upload...
[2026-02-13 03:00:33]   ✅ Verified: backup exists on Google Drive
[2026-02-13 03:00:34]   Total daily backups on Drive: 8
[2026-02-13 03:00:34] =========================================
[2026-02-13 03:00:34] ✅ Backup complete!
[2026-02-13 03:00:34]   Archive: kande-backup-2026-02-13-0300.tar.gz ( 44M)
[2026-02-13 03:00:34]   Database: database-2026-02-13.json
[2026-02-13 03:00:34]   Destination: gdrive:KandeVendTech-Backups
[2026-02-13 03:00:34] =========================================
[2026-02-13 03:00:34] Temp files cleaned up
[2026-02-14 03:00:10] =========================================
[2026-02-14 03:00:10] 🔧 Backup started (2026-02-14)
[2026-02-14 03:00:10] =========================================
[2026-02-14 03:00:10] 📦 Step 1: Snapshotting database...
[2026-02-14 03:00:10]   Database snapshot:  88K
[2026-02-14 03:00:10] 📦 Step 2: Creating workspace archive...
[2026-02-14 03:00:12]   Archive created: kande-backup-2026-02-14-0300.tar.gz ( 44M)
[2026-02-14 03:00:12] 📤 Step 3: Uploading to Google Drive...
[2026-02-14 03:00:23]   ✅ Upload complete
[2026-02-14 03:00:23] 🗑️ Step 4: Enforcing 8-day retention...
[2026-02-14 03:00:25]   Old backups pruned
[2026-02-14 03:00:25] ✔️ Step 5: Verifying upload...
[2026-02-14 03:00:26]   ✅ Verified: backup exists on Google Drive
[2026-02-14 03:00:27]   Total daily backups on Drive: 8
[2026-02-14 03:00:27] =========================================
[2026-02-14 03:00:27] ✅ Backup complete!
[2026-02-14 03:00:27]   Archive: kande-backup-2026-02-14-0300.tar.gz ( 44M)
[2026-02-14 03:00:27]   Database: database-2026-02-14.json
[2026-02-14 03:00:27]   Destination: gdrive:KandeVendTech-Backups
[2026-02-14 03:00:27] =========================================
[2026-02-14 03:00:27] Temp files cleaned up
[2026-02-15 03:00:06] =========================================
[2026-02-15 03:00:06] 🔧 Backup started (2026-02-15)
[2026-02-15 03:00:06] =========================================
[2026-02-15 03:00:06] 📦 Step 1: Snapshotting database...
[2026-02-15 03:00:06]   Database snapshot: 100K
[2026-02-15 03:00:06] 📦 Step 2: Creating workspace archive...
[2026-02-15 03:00:08]   Archive created: kande-backup-2026-02-15-0300.tar.gz ( 50M)
[2026-02-15 03:00:08] 📤 Step 3: Uploading to Google Drive...
[2026-02-15 03:00:17]   ✅ Upload complete
[2026-02-15 03:00:17] 🗑️ Step 4: Enforcing 8-day retention...
[2026-02-15 03:00:19]   Old backups pruned
[2026-02-15 03:00:19] ✔️ Step 5: Verifying upload...
[2026-02-15 03:00:19]   ✅ Verified: backup exists on Google Drive
[2026-02-15 03:00:20]   Total daily backups on Drive: 8
[2026-02-15 03:00:20] =========================================
[2026-02-15 03:00:20] ✅ Backup complete!
[2026-02-15 03:00:20]   Archive: kande-backup-2026-02-15-0300.tar.gz ( 50M)
[2026-02-15 03:00:20]   Database: database-2026-02-15.json
[2026-02-15 03:00:20]   Destination: gdrive:KandeVendTech-Backups
[2026-02-15 03:00:20] =========================================
[2026-02-15 03:00:20] Temp files cleaned up
[2026-02-16 03:00:05] =========================================
[2026-02-16 03:00:05] 🔧 Backup started (2026-02-16)
[2026-02-16 03:00:05] =========================================
[2026-02-16 03:00:05] 📦 Step 1: Snapshotting database...
[2026-02-16 03:00:05]   Database snapshot: 100K
[2026-02-16 03:00:05] 📦 Step 2: Creating workspace archive...
[2026-02-16 03:00:07]   Archive created: kande-backup-2026-02-16-0300.tar.gz ( 51M)
[2026-02-16 03:00:07] 📤 Step 3: Uploading to Google Drive...
[2026-02-16 03:00:16]   ✅ Upload complete
[2026-02-16 03:00:16] 🗑️ Step 4: Enforcing 8-day retention...
[2026-02-16 03:00:18]   Old backups pruned
[2026-02-16 03:00:18] ✔️ Step 5: Verifying upload...
[2026-02-16 03:00:19]   ✅ Verified: backup exists on Google Drive
[2026-02-16 03:00:20]   Total daily backups on Drive: 8
[2026-02-16 03:00:20] =========================================
[2026-02-16 03:00:20] ✅ Backup complete!
[2026-02-16 03:00:20]   Archive: kande-backup-2026-02-16-0300.tar.gz ( 51M)
[2026-02-16 03:00:20]   Database: database-2026-02-16.json
[2026-02-16 03:00:20]   Destination: gdrive:KandeVendTech-Backups
[2026-02-16 03:00:20] =========================================
[2026-02-16 03:00:20] Temp files cleaned up
[2026-02-17 03:00:09] =========================================
[2026-02-17 03:00:09] 🔧 Backup started (2026-02-17)
[2026-02-17 03:00:09] =========================================
[2026-02-17 03:00:09] 📦 Step 1: Snapshotting database...
[2026-02-17 03:00:09]   Database snapshot: 100K
[2026-02-17 03:00:09] 📦 Step 2: Creating workspace archive...
[2026-02-17 03:00:11]   Archive created: kande-backup-2026-02-17-0300.tar.gz ( 51M)
[2026-02-17 03:00:11] 📤 Step 3: Uploading to Google Drive...
[2026-02-17 03:00:20]   ✅ Upload complete
[2026-02-17 03:00:20] 🗑️ Step 4: Enforcing 8-day retention...
[2026-02-17 03:00:22]   Old backups pruned
[2026-02-17 03:00:22] ✔️ Step 5: Verifying upload...
[2026-02-17 03:00:23]   ✅ Verified: backup exists on Google Drive
[2026-02-17 03:00:24]   Total daily backups on Drive: 8
[2026-02-17 03:00:24] =========================================
[2026-02-17 03:00:24] ✅ Backup complete!
[2026-02-17 03:00:24]   Archive: kande-backup-2026-02-17-0300.tar.gz ( 51M)
[2026-02-17 03:00:24]   Database: database-2026-02-17.json
[2026-02-17 03:00:24]   Destination: gdrive:KandeVendTech-Backups
[2026-02-17 03:00:24] =========================================
[2026-02-17 03:00:24] Temp files cleaned up
[2026-02-18 03:00:07] =========================================
[2026-02-18 03:00:07] 🔧 Backup started (2026-02-18)
[2026-02-18 03:00:07] =========================================
[2026-02-18 03:00:07] 📦 Step 1: Snapshotting database...
[2026-02-18 03:00:07]   Database snapshot: 100K
[2026-02-18 03:00:07] 📦 Step 2: Creating workspace archive...
[2026-02-18 03:00:09]   Archive created: kande-backup-2026-02-18-0300.tar.gz ( 53M)
[2026-02-18 03:00:09] 📤 Step 3: Uploading to Google Drive...
[2026-02-18 03:00:17]   ✅ Upload complete
[2026-02-18 03:00:17] 🗑️ Step 4: Enforcing 8-day retention...
[2026-02-18 03:00:19]   Old backups pruned
[2026-02-18 03:00:19] ✔️ Step 5: Verifying upload...
[2026-02-18 03:00:20]   ✅ Verified: backup exists on Google Drive
[2026-02-18 03:00:21]   Total daily backups on Drive: 8
[2026-02-18 03:00:21] =========================================
[2026-02-18 03:00:21] ✅ Backup complete!
[2026-02-18 03:00:21]   Archive: kande-backup-2026-02-18-0300.tar.gz ( 53M)
[2026-02-18 03:00:21]   Database: database-2026-02-18.json
[2026-02-18 03:00:21]   Destination: gdrive:KandeVendTech-Backups
[2026-02-18 03:00:21] =========================================
[2026-02-18 03:00:21] Temp files cleaned up
[2026-02-19 03:00:03] =========================================
[2026-02-19 03:00:03] 🔧 Backup started (2026-02-19)
[2026-02-19 03:00:03] =========================================
[2026-02-19 03:00:03] 📦 Step 1: Snapshotting database...
[2026-02-19 03:00:03]   Database snapshot: 100K
[2026-02-19 03:00:03] 📦 Step 2: Creating workspace archive...
[2026-02-19 03:00:06]   Archive created: kande-backup-2026-02-19-0300.tar.gz ( 54M)
[2026-02-19 03:00:06] 📤 Step 3: Uploading to Google Drive...
[2026-02-19 03:00:14]   ✅ Upload complete
[2026-02-19 03:00:14] 🗑️ Step 4: Enforcing 8-day retention...
[2026-02-19 03:00:16]   Old backups pruned
[2026-02-19 03:00:16] ✔️ Step 5: Verifying upload...
[2026-02-19 03:00:17]   ✅ Verified: backup exists on Google Drive
[2026-02-19 03:00:18]   Total daily backups on Drive: 9
[2026-02-19 03:00:18] =========================================
[2026-02-19 03:00:18] ✅ Backup complete!
[2026-02-19 03:00:18]   Archive: kande-backup-2026-02-19-0300.tar.gz ( 54M)
[2026-02-19 03:00:18]   Database: database-2026-02-19.json
[2026-02-19 03:00:18]   Destination: gdrive:KandeVendTech-Backups
[2026-02-19 03:00:18] =========================================
[2026-02-19 03:00:18] Temp files cleaned up
[2026-02-20 03:00:07] =========================================
[2026-02-20 03:00:07] 🔧 Backup started (2026-02-20)
[2026-02-20 03:00:07] =========================================
[2026-02-20 03:00:07] 📦 Step 1: Snapshotting database...
[2026-02-20 03:00:07]   Database snapshot: 100K
[2026-02-20 03:00:07] 📦 Step 2: Creating workspace archive...
[2026-02-20 03:00:10]   Archive created: kande-backup-2026-02-20-0300.tar.gz ( 54M)
[2026-02-20 03:00:10] 📤 Step 3: Uploading to Google Drive...
[2026-02-20 03:00:18]   ✅ Upload complete
[2026-02-20 03:00:18] 🗑️ Step 4: Enforcing 8-day retention...
[2026-02-20 03:00:21]   Old backups pruned
[2026-02-20 03:00:21] ✔️ Step 5: Verifying upload...
[2026-02-20 03:00:22]   ✅ Verified: backup exists on Google Drive
[2026-02-20 03:00:23]   Total daily backups on Drive: 8
[2026-02-20 03:00:23] =========================================
[2026-02-20 03:00:23] ✅ Backup complete!
[2026-02-20 03:00:23]   Archive: kande-backup-2026-02-20-0300.tar.gz ( 54M)
[2026-02-20 03:00:23]   Database: database-2026-02-20.json
[2026-02-20 03:00:23]   Destination: gdrive:KandeVendTech-Backups
[2026-02-20 03:00:23] =========================================
[2026-02-20 03:00:23] Temp files cleaned up
[2026-02-21 03:00:05] =========================================
[2026-02-21 03:00:05] 🔧 Backup started (2026-02-21)
[2026-02-21 03:00:05] =========================================
[2026-02-21 03:00:05] 📦 Step 1: Snapshotting database...
[2026-02-21 03:00:05]   Database snapshot: 100K
[2026-02-21 03:00:05] 📦 Step 2: Creating workspace archive...
[2026-02-21 03:00:08]   Archive created: kande-backup-2026-02-21-0300.tar.gz ( 54M)
[2026-02-21 03:00:08] 📤 Step 3: Uploading to Google Drive...
[2026-02-21 03:00:17]   ✅ Upload complete
[2026-02-21 03:00:17] 🗑️ Step 4: Enforcing 8-day retention...
[2026-02-21 03:00:19]   Old backups pruned
[2026-02-21 03:00:19] ✔️ Step 5: Verifying upload...
[2026-02-21 03:00:20]   ✅ Verified: backup exists on Google Drive
[2026-02-21 03:00:21]   Total daily backups on Drive: 9
[2026-02-21 03:00:21] =========================================
[2026-02-21 03:00:21] ✅ Backup complete!
[2026-02-21 03:00:21]   Archive: kande-backup-2026-02-21-0300.tar.gz ( 54M)
[2026-02-21 03:00:21]   Database: database-2026-02-21.json
[2026-02-21 03:00:21]   Destination: gdrive:KandeVendTech-Backups
[2026-02-21 03:00:21] =========================================
[2026-02-21 03:00:21] Temp files cleaned up
[2026-02-22 03:00:10] =========================================
[2026-02-22 03:00:10] 🔧 Backup started (2026-02-22)
[2026-02-22 03:00:10] =========================================
[2026-02-22 03:00:10] 📦 Step 1: Snapshotting database...
[2026-02-22 03:00:10]   Database snapshot: 100K
[2026-02-22 03:00:10] 📦 Step 2: Creating workspace archive...
[2026-02-22 03:00:12]   Archive created: kande-backup-2026-02-22-0300.tar.gz ( 54M)
[2026-02-22 03:00:12] 📤 Step 3: Uploading to Google Drive...
[2026-02-22 03:00:21]   ✅ Upload complete
[2026-02-22 03:00:21] 🗑️ Step 4: Enforcing 8-day retention...
[2026-02-22 03:00:25]   Old backups pruned
[2026-02-22 03:00:25] ✔️ Step 5: Verifying upload...
[2026-02-22 03:00:26]   ✅ Verified: backup exists on Google Drive
[2026-02-22 03:00:27]   Total daily backups on Drive: 8
[2026-02-22 03:00:27] =========================================
[2026-02-22 03:00:27] ✅ Backup complete!
[2026-02-22 03:00:27]   Archive: kande-backup-2026-02-22-0300.tar.gz ( 54M)
[2026-02-22 03:00:27]   Database: database-2026-02-22.json
[2026-02-22 03:00:27]   Destination: gdrive:KandeVendTech-Backups
[2026-02-22 03:00:27] =========================================
[2026-02-22 03:00:27] Temp files cleaned up
[2026-02-23 03:00:11] =========================================
[2026-02-23 03:00:11] 🔧 Backup started (2026-02-23)
[2026-02-23 03:00:11] =========================================
[2026-02-23 03:00:11] 📦 Step 1: Snapshotting database...
[2026-02-23 03:00:11]   Database snapshot: 108K
[2026-02-23 03:00:11] 📦 Step 2: Creating workspace archive...
[2026-02-23 03:00:14]   Archive created: kande-backup-2026-02-23-0300.tar.gz ( 55M)
[2026-02-23 03:00:14] 📤 Step 3: Uploading to Google Drive...
[2026-02-23 03:00:22]   ✅ Upload complete
[2026-02-23 03:00:22] 🗑️ Step 4: Enforcing 8-day retention...
[2026-02-23 03:00:25]   Old backups pruned
[2026-02-23 03:00:25] ✔️ Step 5: Verifying upload...
[2026-02-23 03:00:26]   ✅ Verified: backup exists on Google Drive
[2026-02-23 03:00:26]   Total daily backups on Drive: 8
[2026-02-23 03:00:26] =========================================
[2026-02-23 03:00:26] ✅ Backup complete!
[2026-02-23 03:00:26]   Archive: kande-backup-2026-02-23-0300.tar.gz ( 55M)
[2026-02-23 03:00:26]   Database: database-2026-02-23.json
[2026-02-23 03:00:26]   Destination: gdrive:KandeVendTech-Backups
[2026-02-23 03:00:26] =========================================
[2026-02-23 03:00:26] Temp files cleaned up
[2026-02-24 03:00:19] =========================================
[2026-02-24 03:00:19] 🔧 Backup started (2026-02-24)
[2026-02-24 03:00:19] =========================================
[2026-02-24 03:00:19] 📦 Step 1: Snapshotting database...
[2026-02-24 03:00:19]   Database snapshot:  80K
[2026-02-24 03:00:19] 📦 Step 2: Creating workspace archive...
[2026-02-24 03:00:21]   Archive created: kande-backup-2026-02-24-0300.tar.gz ( 38M)
[2026-02-24 03:00:21] 📤 Step 3: Uploading to Google Drive...
[2026-02-24 03:00:28]   ✅ Upload complete
[2026-02-24 03:00:28] 🗑️ Step 4: Enforcing 8-day retention...
[2026-02-24 03:00:36]   Old backups pruned
[2026-02-24 03:00:36] ✔️ Step 5: Verifying upload...
[2026-02-24 03:00:37]   ✅ Verified: backup exists on Google Drive
[2026-02-24 03:00:38]   Total daily backups on Drive: 8
[2026-02-24 03:00:38] =========================================
[2026-02-24 03:00:38] ✅ Backup complete!
[2026-02-24 03:00:38]   Archive: kande-backup-2026-02-24-0300.tar.gz ( 38M)
[2026-02-24 03:00:38]   Database: database-2026-02-24.json
[2026-02-24 03:00:38]   Destination: gdrive:KandeVendTech-Backups
[2026-02-24 03:00:38] =========================================
[2026-02-24 03:00:38] Temp files cleaned up
[2026-02-25 03:00:04] =========================================
[2026-02-25 03:00:04] 🔧 Backup started (2026-02-25)
[2026-02-25 03:00:04] =========================================
[2026-02-25 03:00:04] 📦 Step 1: Snapshotting database...
[2026-02-25 03:00:04]   Database snapshot:  80K
[2026-02-25 03:00:04] 📦 Step 2: Creating workspace archive...
[2026-02-25 03:00:06]   Archive created: kande-backup-2026-02-25-0300.tar.gz ( 38M)
[2026-02-25 03:00:06] 📤 Step 3: Uploading to Google Drive...
[2026-02-25 03:00:13]   ✅ Upload complete
[2026-02-25 03:00:13] 🗑️ Step 4: Enforcing 8-day retention...
[2026-02-25 03:00:16]   Old backups pruned
[2026-02-25 03:00:16] ✔️ Step 5: Verifying upload...
[2026-02-25 03:00:17]   ✅ Verified: backup exists on Google Drive
[2026-02-25 03:00:26]   Total daily backups on Drive: 8
[2026-02-25 03:00:26] =========================================
[2026-02-25 03:00:26] ✅ Backup complete!
[2026-02-25 03:00:26]   Archive: kande-backup-2026-02-25-0300.tar.gz ( 38M)
[2026-02-25 03:00:26]   Database: database-2026-02-25.json
[2026-02-25 03:00:26]   Destination: gdrive:KandeVendTech-Backups
[2026-02-25 03:00:26] =========================================
[2026-02-25 03:00:26] Temp files cleaned up
[2026-02-26 03:00:04] =========================================
[2026-02-26 03:00:04] 🔧 Backup started (2026-02-26)
[2026-02-26 03:00:04] =========================================
[2026-02-26 03:00:04] 📦 Step 1: Snapshotting database...
[2026-02-26 03:00:04]   Database snapshot:  80K
[2026-02-26 03:00:04] 📦 Step 2: Creating workspace archive...
[2026-02-26 03:00:05]   Archive created: kande-backup-2026-02-26-0300.tar.gz ( 38M)
[2026-02-26 03:00:05] 📤 Step 3: Uploading to Google Drive...
[2026-02-26 03:00:14]   ✅ Upload complete
[2026-02-26 03:00:14] 🗑️ Step 4: Enforcing 8-day retention...
[2026-02-26 03:00:17]   Old backups pruned
[2026-02-26 03:00:17] ✔️ Step 5: Verifying upload...
[2026-02-26 03:00:20]   ✅ Verified: backup exists on Google Drive
[2026-02-26 03:00:21]   Total daily backups on Drive: 8
[2026-02-26 03:00:21] =========================================
[2026-02-26 03:00:21] ✅ Backup complete!
[2026-02-26 03:00:21]   Archive: kande-backup-2026-02-26-0300.tar.gz ( 38M)
[2026-02-26 03:00:21]   Database: database-2026-02-26.json
[2026-02-26 03:00:21]   Destination: gdrive:KandeVendTech-Backups
[2026-02-26 03:00:21] =========================================
[2026-02-26 03:00:21] Temp files cleaned up
[2026-02-27 03:00:06] =========================================
[2026-02-27 03:00:06] 🔧 Backup started (2026-02-27)
[2026-02-27 03:00:06] =========================================
[2026-02-27 03:00:06] 📦 Step 1: Snapshotting database...
[2026-02-27 03:00:06]   Database snapshot:  80K
[2026-02-27 03:00:06] 📦 Step 2: Creating workspace archive...
[2026-02-27 03:00:08]   Archive created: kande-backup-2026-02-27-0300.tar.gz ( 38M)
[2026-02-27 03:00:08] 📤 Step 3: Uploading to Google Drive...
[2026-02-27 03:00:19]   ✅ Upload complete
[2026-02-27 03:00:19] 🗑️ Step 4: Enforcing 8-day retention...
[2026-02-27 03:00:22]   Old backups pruned
[2026-02-27 03:00:22] ✔️ Step 5: Verifying upload...
[2026-02-27 03:00:23]   ✅ Verified: backup exists on Google Drive
[2026-02-27 03:00:24]   Total daily backups on Drive: 8
[2026-02-27 03:00:24] =========================================
[2026-02-27 03:00:24] ✅ Backup complete!
[2026-02-27 03:00:24]   Archive: kande-backup-2026-02-27-0300.tar.gz ( 38M)
[2026-02-27 03:00:24]   Database: database-2026-02-27.json
[2026-02-27 03:00:24]   Destination: gdrive:KandeVendTech-Backups
[2026-02-27 03:00:24] =========================================
[2026-02-27 03:00:24] Temp files cleaned up
[2026-02-28 03:00:05] =========================================
[2026-02-28 03:00:05] 🔧 Backup started (2026-02-28)
[2026-02-28 03:00:05] =========================================
[2026-02-28 03:00:05] 📦 Step 1: Snapshotting database...
[2026-02-28 03:00:05]   Database snapshot:  80K
[2026-02-28 03:00:05] 📦 Step 2: Creating workspace archive...
[2026-02-28 03:00:07]   Archive created: kande-backup-2026-02-28-0300.tar.gz ( 38M)
[2026-02-28 03:00:07] 📤 Step 3: Uploading to Google Drive...
[2026-02-28 03:00:14]   ✅ Upload complete
[2026-02-28 03:00:14] 🗑️ Step 4: Enforcing 8-day retention...
[2026-02-28 03:00:16]   Old backups pruned
[2026-02-28 03:00:16] ✔️ Step 5: Verifying upload...
[2026-02-28 03:00:17]   ✅ Verified: backup exists on Google Drive
[2026-02-28 03:00:18]   Total daily backups on Drive: 8
[2026-02-28 03:00:18] =========================================
[2026-02-28 03:00:18] ✅ Backup complete!
[2026-02-28 03:00:18]   Archive: kande-backup-2026-02-28-0300.tar.gz ( 38M)
[2026-02-28 03:00:18]   Database: database-2026-02-28.json
[2026-02-28 03:00:18]   Destination: gdrive:KandeVendTech-Backups
[2026-02-28 03:00:18] =========================================
[2026-02-28 03:00:18] Temp files cleaned up
[2026-03-01 03:00:08] =========================================
[2026-03-01 03:00:08] 🔧 Backup started (2026-03-01)
[2026-03-01 03:00:08] =========================================
[2026-03-01 03:00:08] 📦 Step 1: Snapshotting database...
[2026-03-01 03:00:08]   Database snapshot:  80K
[2026-03-01 03:00:08] 📦 Step 2: Creating workspace archive...
[2026-03-01 03:00:10]   Archive created: kande-backup-2026-03-01-0300.tar.gz ( 39M)
[2026-03-01 03:00:10] 📤 Step 3: Uploading to Google Drive...
[2026-03-01 03:00:18]   ✅ Upload complete
[2026-03-01 03:00:18] 🗑️ Step 4: Enforcing 8-day retention...
[2026-03-01 03:00:20]   Old backups pruned
[2026-03-01 03:00:20] ✔️ Step 5: Verifying upload...
[2026-03-01 03:00:21]   ✅ Verified: backup exists on Google Drive
[2026-03-01 03:00:22]   Total daily backups on Drive: 8
[2026-03-01 03:00:22] =========================================
[2026-03-01 03:00:22] ✅ Backup complete!
[2026-03-01 03:00:22]   Archive: kande-backup-2026-03-01-0300.tar.gz ( 39M)
[2026-03-01 03:00:22]   Database: database-2026-03-01.json
[2026-03-01 03:00:22]   Destination: gdrive:KandeVendTech-Backups
[2026-03-01 03:00:22] =========================================
[2026-03-01 03:00:22] Temp files cleaned up
[2026-03-02 03:00:06] =========================================
[2026-03-02 03:00:06] 🔧 Backup started (2026-03-02)
[2026-03-02 03:00:06] =========================================
[2026-03-02 03:00:06] 📦 Step 1: Snapshotting database...
[2026-03-02 03:00:06]   Database snapshot:  80K
[2026-03-02 03:00:06] 📦 Step 2: Creating workspace archive...
[2026-03-02 03:00:07]   Archive created: kande-backup-2026-03-02-0300.tar.gz ( 39M)
[2026-03-02 03:00:07] 📤 Step 3: Uploading to Google Drive...
[2026-03-02 03:00:16]   ✅ Upload complete
[2026-03-02 03:00:16] 🗑️ Step 4: Enforcing 8-day retention...
[2026-03-02 03:00:20]   Old backups pruned
[2026-03-02 03:00:20] ✔️ Step 5: Verifying upload...
[2026-03-02 03:00:21]   ✅ Verified: backup exists on Google Drive
[2026-03-02 03:00:22]   Total daily backups on Drive: 8
[2026-03-02 03:00:22] =========================================
[2026-03-02 03:00:22] ✅ Backup complete!
[2026-03-02 03:00:22]   Archive: kande-backup-2026-03-02-0300.tar.gz ( 39M)
[2026-03-02 03:00:22]   Database: database-2026-03-02.json
[2026-03-02 03:00:22]   Destination: gdrive:KandeVendTech-Backups
[2026-03-02 03:00:22] =========================================
[2026-03-02 03:00:22] Temp files cleaned up
[2026-03-03 03:00:09] =========================================
[2026-03-03 03:00:09] 🔧 Backup started (2026-03-03)
[2026-03-03 03:00:09] =========================================
[2026-03-03 03:00:09] 📦 Step 1: Snapshotting database...
[2026-03-03 03:00:09]   Database snapshot:  80K
[2026-03-03 03:00:09] 📦 Step 2: Creating workspace archive...
[2026-03-03 03:00:12]   Archive created: kande-backup-2026-03-03-0300.tar.gz ( 80M)
[2026-03-03 03:00:12] 📤 Step 3: Uploading to Google Drive...
[2026-03-03 03:00:21]   ✅ Upload complete
[2026-03-03 03:00:21] 🗑️ Step 4: Enforcing 8-day retention...
[2026-03-03 03:00:27]   Old backups pruned
[2026-03-03 03:00:27] ✔️ Step 5: Verifying upload...
[2026-03-03 03:00:28]   ✅ Verified: backup exists on Google Drive
[2026-03-03 03:00:29]   Total daily backups on Drive: 8
[2026-03-03 03:00:29] =========================================
[2026-03-03 03:00:29] ✅ Backup complete!
[2026-03-03 03:00:29]   Archive: kande-backup-2026-03-03-0300.tar.gz ( 80M)
[2026-03-03 03:00:29]   Database: database-2026-03-03.json
[2026-03-03 03:00:29]   Destination: gdrive:KandeVendTech-Backups
[2026-03-03 03:00:29] =========================================
[2026-03-03 03:00:29] Temp files cleaned up
[2026-03-04 03:00:08] =========================================
[2026-03-04 03:00:08] 🔧 Backup started (2026-03-04)
[2026-03-04 03:00:08] =========================================
[2026-03-04 03:00:08] 📦 Step 1: Snapshotting database...
[2026-03-04 03:00:08]   Database snapshot:  80K
[2026-03-04 03:00:08] 📦 Step 2: Creating workspace archive...
[2026-03-04 03:00:11]   Archive created: kande-backup-2026-03-04-0300.tar.gz ( 80M)
[2026-03-04 03:00:11] 📤 Step 3: Uploading to Google Drive...
[2026-03-04 03:00:20]   ✅ Upload complete
[2026-03-04 03:00:20] 🗑️ Step 4: Enforcing 8-day retention...
[2026-03-04 03:00:23]   Old backups pruned
[2026-03-04 03:00:23] ✔️ Step 5: Verifying upload...
[2026-03-04 03:00:23]   ✅ Verified: backup exists on Google Drive
[2026-03-04 03:00:24]   Total daily backups on Drive: 9
[2026-03-04 03:00:24] =========================================
[2026-03-04 03:00:24] ✅ Backup complete!
[2026-03-04 03:00:24]   Archive: kande-backup-2026-03-04-0300.tar.gz ( 80M)
[2026-03-04 03:00:24]   Database: database-2026-03-04.json
[2026-03-04 03:00:24]   Destination: gdrive:KandeVendTech-Backups
[2026-03-04 03:00:24] =========================================
[2026-03-04 03:00:24] Temp files cleaned up
[2026-03-05 03:00:08] =========================================
[2026-03-05 03:00:08] 🔧 Backup started (2026-03-05)
[2026-03-05 03:00:08] =========================================
[2026-03-05 03:00:08] 📦 Step 1: Snapshotting database...
[2026-03-05 03:00:08]   Database snapshot:  80K
[2026-03-05 03:00:08] 📦 Step 2: Creating workspace archive...
[2026-03-05 03:00:11]   Archive created: kande-backup-2026-03-05-0300.tar.gz ( 80M)
[2026-03-05 03:00:11] 📤 Step 3: Uploading to Google Drive...
[2026-03-05 03:00:21]   ✅ Upload complete
[2026-03-05 03:00:21] 🗑️ Step 4: Enforcing 8-day retention...
[2026-03-05 03:00:37]   Old backups pruned
[2026-03-05 03:00:37] ✔️ Step 5: Verifying upload...
[2026-03-05 03:00:38]   ✅ Verified: backup exists on Google Drive
[2026-03-05 03:00:39]   Total daily backups on Drive: 8
[2026-03-05 03:00:39] =========================================
[2026-03-05 03:00:39] ✅ Backup complete!
[2026-03-05 03:00:39]   Archive: kande-backup-2026-03-05-0300.tar.gz ( 80M)
[2026-03-05 03:00:39]   Database: database-2026-03-05.json
[2026-03-05 03:00:39]   Destination: gdrive:KandeVendTech-Backups
[2026-03-05 03:00:39] =========================================
[2026-03-05 03:00:39] Temp files cleaned up
[2026-03-06 03:00:06] =========================================
[2026-03-06 03:00:06] 🔧 Backup started (2026-03-06)
[2026-03-06 03:00:06] =========================================
[2026-03-06 03:00:06] 📦 Step 1: Snapshotting database...
[2026-03-06 03:00:06]   Database snapshot:  80K
[2026-03-06 03:00:06] 📦 Step 2: Creating workspace archive...
[2026-03-06 03:00:08]   Archive created: kande-backup-2026-03-06-0300.tar.gz ( 81M)
[2026-03-06 03:00:08] 📤 Step 3: Uploading to Google Drive...
[2026-03-06 03:00:18]   ✅ Upload complete
[2026-03-06 03:00:18] 🗑️ Step 4: Enforcing 8-day retention...
[2026-03-06 03:00:22]   Old backups pruned
[2026-03-06 03:00:22] ✔️ Step 5: Verifying upload...
[2026-03-06 03:00:23]   ✅ Verified: backup exists on Google Drive
[2026-03-06 03:00:24]   Total daily backups on Drive: 8
[2026-03-06 03:00:24] =========================================
[2026-03-06 03:00:24] ✅ Backup complete!
[2026-03-06 03:00:24]   Archive: kande-backup-2026-03-06-0300.tar.gz ( 81M)
[2026-03-06 03:00:24]   Database: database-2026-03-06.json
[2026-03-06 03:00:24]   Destination: gdrive:KandeVendTech-Backups
[2026-03-06 03:00:24] =========================================
[2026-03-06 03:00:24] Temp files cleaned up
[2026-03-07 03:00:09] =========================================
[2026-03-07 03:00:09] 🔧 Backup started (2026-03-07)
[2026-03-07 03:00:09] =========================================
[2026-03-07 03:00:09] 📦 Step 1: Snapshotting database...
[2026-03-07 03:00:09]   Database snapshot:  80K
[2026-03-07 03:00:09] 📦 Step 2: Creating workspace archive...
[2026-03-07 03:00:11]   Archive created: kande-backup-2026-03-07-0300.tar.gz ( 80M)
[2026-03-07 03:00:11] 📤 Step 3: Uploading to Google Drive...
[2026-03-07 03:00:21]   ✅ Upload complete
[2026-03-07 03:00:21] 🗑️ Step 4: Enforcing 8-day retention...
[2026-03-07 03:00:23]   Old backups pruned
[2026-03-07 03:00:23] ✔️ Step 5: Verifying upload...
[2026-03-07 03:00:24]   ✅ Verified: backup exists on Google Drive
[2026-03-07 03:00:25]   Total daily backups on Drive: 8
[2026-03-07 03:00:25] =========================================
[2026-03-07 03:00:25] ✅ Backup complete!
[2026-03-07 03:00:25]   Archive: kande-backup-2026-03-07-0300.tar.gz ( 80M)
[2026-03-07 03:00:25]   Database: database-2026-03-07.json
[2026-03-07 03:00:25]   Destination: gdrive:KandeVendTech-Backups
[2026-03-07 03:00:25] =========================================
[2026-03-07 03:00:25] Temp files cleaned up
[2026-03-08 03:00:07] =========================================
[2026-03-08 03:00:07] 🔧 Backup started (2026-03-08)
[2026-03-08 03:00:07] =========================================
[2026-03-08 03:00:07] 📦 Step 1: Snapshotting database...
[2026-03-08 03:00:07]   Database snapshot:  80K
[2026-03-08 03:00:07] 📦 Step 2: Creating workspace archive...
[2026-03-08 03:00:10]   Archive created: kande-backup-2026-03-08-0300.tar.gz ( 80M)
[2026-03-08 03:00:10] 📤 Step 3: Uploading to Google Drive...
[2026-03-08 03:00:20]   ✅ Upload complete
[2026-03-08 03:00:20] 🗑️ Step 4: Enforcing 8-day retention...
[2026-03-08 03:00:21]   Old backups pruned
[2026-03-08 03:00:21] ✔️ Step 5: Verifying upload...
[2026-03-08 03:00:22]   ✅ Verified: backup exists on Google Drive
[2026-03-08 03:00:23]   Total daily backups on Drive: 9
[2026-03-08 03:00:23] =========================================
[2026-03-08 03:00:23] ✅ Backup complete!
[2026-03-08 03:00:23]   Archive: kande-backup-2026-03-08-0300.tar.gz ( 80M)
[2026-03-08 03:00:23]   Database: database-2026-03-08.json
[2026-03-08 03:00:23]   Destination: gdrive:KandeVendTech-Backups
[2026-03-08 03:00:23] =========================================
[2026-03-08 03:00:23] Temp files cleaned up
[2026-03-09 03:00:09] =========================================
[2026-03-09 03:00:09] 🔧 Backup started (2026-03-09)
[2026-03-09 03:00:09] =========================================
[2026-03-09 03:00:09] 📦 Step 1: Snapshotting database...
[2026-03-09 03:00:09]   Database snapshot:  80K
[2026-03-09 03:00:09] 📦 Step 2: Creating workspace archive...
[2026-03-09 03:00:12]   Archive created: kande-backup-2026-03-09-0300.tar.gz ( 81M)
[2026-03-09 03:00:12] 📤 Step 3: Uploading to Google Drive...
[2026-03-09 03:00:22]   ✅ Upload complete
[2026-03-09 03:00:22] 🗑️ Step 4: Enforcing 8-day retention...
[2026-03-09 03:00:26]   Old backups pruned
[2026-03-09 03:00:26] ✔️ Step 5: Verifying upload...
[2026-03-09 03:00:27]   ✅ Verified: backup exists on Google Drive
[2026-03-09 03:00:28]   Total daily backups on Drive: 9
[2026-03-09 03:00:28] =========================================
[2026-03-09 03:00:28] ✅ Backup complete!
[2026-03-09 03:00:28]   Archive: kande-backup-2026-03-09-0300.tar.gz ( 81M)
[2026-03-09 03:00:28]   Database: database-2026-03-09.json
[2026-03-09 03:00:28]   Destination: gdrive:KandeVendTech-Backups
[2026-03-09 03:00:28] =========================================
[2026-03-09 03:00:28] Temp files cleaned up
[2026-03-10 03:00:16] =========================================
[2026-03-10 03:00:16] 🔧 Backup started (2026-03-10)
[2026-03-10 03:00:16] =========================================
[2026-03-10 03:00:16] 📦 Step 1: Snapshotting database...
[2026-03-10 03:00:16]   Database snapshot:  80K
[2026-03-10 03:00:16] 📦 Step 2: Creating workspace archive...
[2026-03-10 03:00:19]   Archive created: kande-backup-2026-03-10-0300.tar.gz ( 81M)
[2026-03-10 03:00:19] 📤 Step 3: Uploading to Google Drive...
[2026-03-10 03:00:28]   ✅ Upload complete
[2026-03-10 03:00:28] 🗑️ Step 4: Enforcing 8-day retention...
[2026-03-10 03:00:31]   Old backups pruned
[2026-03-10 03:00:31] ✔️ Step 5: Verifying upload...
[2026-03-10 03:00:32]   ✅ Verified: backup exists on Google Drive
[2026-03-10 03:00:33]   Total daily backups on Drive: 9
[2026-03-10 03:00:33] =========================================
[2026-03-10 03:00:33] ✅ Backup complete!
[2026-03-10 03:00:33]   Archive: kande-backup-2026-03-10-0300.tar.gz ( 81M)
[2026-03-10 03:00:33]   Database: database-2026-03-10.json
[2026-03-10 03:00:33]   Destination: gdrive:KandeVendTech-Backups
[2026-03-10 03:00:33] =========================================
[2026-03-10 03:00:33] Temp files cleaned up
[2026-03-11 03:00:06] =========================================
[2026-03-11 03:00:06] 🔧 Backup started (2026-03-11)
[2026-03-11 03:00:06] =========================================
[2026-03-11 03:00:06] 📦 Step 1: Snapshotting database...
[2026-03-11 03:00:06]   Database snapshot:  80K
[2026-03-11 03:00:06] 📦 Step 2: Creating workspace archive...
[2026-03-11 03:00:09]   Archive created: kande-backup-2026-03-11-0300.tar.gz ( 80M)
[2026-03-11 03:00:09] 📤 Step 3: Uploading to Google Drive...
[2026-03-11 03:00:19]   ✅ Upload complete
[2026-03-11 03:00:19] 🗑️ Step 4: Enforcing 8-day retention...
[2026-03-11 03:00:23]   Old backups pruned
[2026-03-11 03:00:23] ✔️ Step 5: Verifying upload...
[2026-03-11 03:00:24]   ✅ Verified: backup exists on Google Drive
[2026-03-11 03:00:25]   Total daily backups on Drive: 9
[2026-03-11 03:00:25] =========================================
[2026-03-11 03:00:25] ✅ Backup complete!
[2026-03-11 03:00:25]   Archive: kande-backup-2026-03-11-0300.tar.gz ( 80M)
[2026-03-11 03:00:25]   Database: database-2026-03-11.json
[2026-03-11 03:00:25]   Destination: gdrive:KandeVendTech-Backups
[2026-03-11 03:00:25] =========================================
[2026-03-11 03:00:25] Temp files cleaned up
[2026-03-12 03:00:05] =========================================
[2026-03-12 03:00:05] 🔧 Backup started (2026-03-12)
[2026-03-12 03:00:05] =========================================
[2026-03-12 03:00:05] 📦 Step 1: Snapshotting database...
[2026-03-12 03:00:05]   Database snapshot:  80K
[2026-03-12 03:00:05] 📦 Step 2: Creating workspace archive...
[2026-03-12 03:00:09]   Archive created: kande-backup-2026-03-12-0300.tar.gz ( 80M)
[2026-03-12 03:00:09] 📤 Step 3: Uploading to Google Drive...
[2026-03-12 03:00:19]   ✅ Upload complete
[2026-03-12 03:00:19] 🗑️ Step 4: Enforcing 8-day retention...
[2026-03-12 03:00:22]   Old backups pruned
[2026-03-12 03:00:22] ✔️ Step 5: Verifying upload...
[2026-03-12 03:00:23]   ✅ Verified: backup exists on Google Drive
[2026-03-12 03:00:24]   Total daily backups on Drive: 9
[2026-03-12 03:00:24] =========================================
[2026-03-12 03:00:24] ✅ Backup complete!
[2026-03-12 03:00:24]   Archive: kande-backup-2026-03-12-0300.tar.gz ( 80M)
[2026-03-12 03:00:24]   Database: database-2026-03-12.json
[2026-03-12 03:00:24]   Destination: gdrive:KandeVendTech-Backups
[2026-03-12 03:00:24] =========================================
[2026-03-12 03:00:24] Temp files cleaned up
[2026-03-13 03:00:05] =========================================
[2026-03-13 03:00:05] 🔧 Backup started (2026-03-13)
[2026-03-13 03:00:05] =========================================
[2026-03-13 03:00:05] 📦 Step 1: Snapshotting database...
[2026-03-13 03:00:05]   Database snapshot:  80K
[2026-03-13 03:00:05] 📦 Step 2: Creating workspace archive...
[2026-03-13 03:00:08]   Archive created: kande-backup-2026-03-13-0300.tar.gz ( 80M)
[2026-03-13 03:00:08] 📤 Step 3: Uploading to Google Drive...
[2026-03-13 03:00:18]   ✅ Upload complete
[2026-03-13 03:00:18] 🗑️ Step 4: Enforcing 8-day retention...
[2026-03-13 03:00:22]   Old backups pruned
[2026-03-13 03:00:22] ✔️ Step 5: Verifying upload...
[2026-03-13 03:00:23]   ✅ Verified: backup exists on Google Drive
[2026-03-13 03:00:23]   Total daily backups on Drive: 9
[2026-03-13 03:00:23] =========================================
[2026-03-13 03:00:24] ✅ Backup complete!
[2026-03-13 03:00:24]   Archive: kande-backup-2026-03-13-0300.tar.gz ( 80M)
[2026-03-13 03:00:24]   Database: database-2026-03-13.json
[2026-03-13 03:00:24]   Destination: gdrive:KandeVendTech-Backups
[2026-03-13 03:00:24] =========================================
[2026-03-13 03:00:24] Temp files cleaned up
[2026-03-14 03:00:10] =========================================
[2026-03-14 03:00:10] 🔧 Backup started (2026-03-14)
[2026-03-14 03:00:10] =========================================
[2026-03-14 03:00:10] 📦 Step 1: Snapshotting database...
[2026-03-14 03:00:10]   Database snapshot:  80K
[2026-03-14 03:00:10] 📦 Step 2: Creating workspace archive...
[2026-03-14 03:00:13]   Archive created: kande-backup-2026-03-14-0300.tar.gz ( 80M)
[2026-03-14 03:00:13] 📤 Step 3: Uploading to Google Drive...
[2026-03-14 03:00:22]   ✅ Upload complete
[2026-03-14 03:00:22] 🗑️ Step 4: Enforcing 8-day retention...
[2026-03-14 03:00:25]   Old backups pruned
[2026-03-14 03:00:25] ✔️ Step 5: Verifying upload...
[2026-03-14 03:00:26]   ✅ Verified: backup exists on Google Drive
[2026-03-14 03:00:27]   Total daily backups on Drive: 9
[2026-03-14 03:00:27] =========================================
[2026-03-14 03:00:27] ✅ Backup complete!
[2026-03-14 03:00:27]   Archive: kande-backup-2026-03-14-0300.tar.gz ( 80M)
[2026-03-14 03:00:27]   Database: database-2026-03-14.json
[2026-03-14 03:00:27]   Destination: gdrive:KandeVendTech-Backups
[2026-03-14 03:00:27] =========================================
[2026-03-14 03:00:27] Temp files cleaned up
[2026-03-15 03:00:04] =========================================
[2026-03-15 03:00:04] 🔧 Backup started (2026-03-15)
[2026-03-15 03:00:04] =========================================
[2026-03-15 03:00:04] 📦 Step 1: Snapshotting database...
[2026-03-15 03:00:04]   Database snapshot:  80K
[2026-03-15 03:00:04] 📦 Step 2: Creating workspace archive...
[2026-03-15 03:00:07]   Archive created: kande-backup-2026-03-15-0300.tar.gz ( 80M)
[2026-03-15 03:00:07] 📤 Step 3: Uploading to Google Drive...
[2026-03-15 03:00:17]   ✅ Upload complete
[2026-03-15 03:00:17] 🗑️ Step 4: Enforcing 8-day retention...
[2026-03-15 03:00:20]   Old backups pruned
[2026-03-15 03:00:20] ✔️ Step 5: Verifying upload...
[2026-03-15 03:00:21]   ✅ Verified: backup exists on Google Drive
[2026-03-15 03:00:22]   Total daily backups on Drive: 9
[2026-03-15 03:00:22] =========================================
[2026-03-15 03:00:22] ✅ Backup complete!
[2026-03-15 03:00:22]   Archive: kande-backup-2026-03-15-0300.tar.gz ( 80M)
[2026-03-15 03:00:22]   Database: database-2026-03-15.json
[2026-03-15 03:00:22]   Destination: gdrive:KandeVendTech-Backups
[2026-03-15 03:00:22] =========================================
[2026-03-15 03:00:22] Temp files cleaned up
[2026-03-16 03:00:10] =========================================
[2026-03-16 03:00:10] 🔧 Backup started (2026-03-16)
[2026-03-16 03:00:10] =========================================
[2026-03-16 03:00:10] 📦 Step 1: Snapshotting database...
[2026-03-16 03:00:10]   Database snapshot:  80K
[2026-03-16 03:00:10] 📦 Step 2: Creating workspace archive...
[2026-03-16 03:00:13]   Archive created: kande-backup-2026-03-16-0300.tar.gz ( 80M)
[2026-03-16 03:00:13] 📤 Step 3: Uploading to Google Drive...
[2026-03-16 03:00:24]   ✅ Upload complete
[2026-03-16 03:00:24] 🗑️ Step 4: Enforcing 8-day retention...
[2026-03-16 03:00:27]   Old backups pruned
[2026-03-16 03:00:27] ✔️ Step 5: Verifying upload...
[2026-03-16 03:00:28]   ✅ Verified: backup exists on Google Drive
[2026-03-16 03:00:29]   Total daily backups on Drive: 8
[2026-03-16 03:00:29] =========================================
[2026-03-16 03:00:29] ✅ Backup complete!
[2026-03-16 03:00:29]   Archive: kande-backup-2026-03-16-0300.tar.gz ( 80M)
[2026-03-16 03:00:29]   Database: database-2026-03-16.json
[2026-03-16 03:00:29]   Destination: gdrive:KandeVendTech-Backups
[2026-03-16 03:00:29] =========================================
[2026-03-16 03:00:29] Temp files cleaned up
[2026-03-17 03:00:10] =========================================
[2026-03-17 03:00:10] 🔧 Backup started (2026-03-17)
[2026-03-17 03:00:10] =========================================
[2026-03-17 03:00:10] 📦 Step 1: Snapshotting database...
[2026-03-17 03:00:10]   Database snapshot:  80K
[2026-03-17 03:00:10] 📦 Step 2: Creating workspace archive...
[2026-03-17 03:00:13]   Archive created: kande-backup-2026-03-17-0300.tar.gz ( 80M)
[2026-03-17 03:00:13] 📤 Step 3: Uploading to Google Drive...
[2026-03-17 03:00:22]   ✅ Upload complete
[2026-03-17 03:00:22] 🗑️ Step 4: Enforcing 8-day retention...
[2026-03-17 03:00:25]   Old backups pruned
[2026-03-17 03:00:25] ✔️ Step 5: Verifying upload...
[2026-03-17 03:00:26]   ✅ Verified: backup exists on Google Drive
[2026-03-17 03:00:27]   Total daily backups on Drive: 8
[2026-03-17 03:00:27] =========================================
[2026-03-17 03:00:27] ✅ Backup complete!
[2026-03-17 03:00:27]   Archive: kande-backup-2026-03-17-0300.tar.gz ( 80M)
[2026-03-17 03:00:27]   Database: database-2026-03-17.json
[2026-03-17 03:00:27]   Destination: gdrive:KandeVendTech-Backups
[2026-03-17 03:00:27] =========================================
[2026-03-17 03:00:27] Temp files cleaned up
[2026-03-18 03:00:06] =========================================
[2026-03-18 03:00:06] 🔧 Backup started (2026-03-18)
[2026-03-18 03:00:06] =========================================
[2026-03-18 03:00:06] 📦 Step 1: Snapshotting database...
[2026-03-18 03:00:06]   Database snapshot:  80K
[2026-03-18 03:00:06] 📦 Step 2: Creating workspace archive...
[2026-03-18 03:00:09]   Archive created: kande-backup-2026-03-18-0300.tar.gz ( 80M)
[2026-03-18 03:00:09] 📤 Step 3: Uploading to Google Drive...
[2026-03-18 03:00:18]   ✅ Upload complete
[2026-03-18 03:00:18] 🗑️ Step 4: Enforcing 8-day retention...
[2026-03-18 03:00:21]   Old backups pruned
[2026-03-18 03:00:21] ✔️ Step 5: Verifying upload...
[2026-03-18 03:00:22]   ✅ Verified: backup exists on Google Drive
[2026-03-18 03:00:23]   Total daily backups on Drive: 9
[2026-03-18 03:00:23] =========================================
[2026-03-18 03:00:23] ✅ Backup complete!
[2026-03-18 03:00:23]   Archive: kande-backup-2026-03-18-0300.tar.gz ( 80M)
[2026-03-18 03:00:23]   Database: database-2026-03-18.json
[2026-03-18 03:00:23]   Destination: gdrive:KandeVendTech-Backups
[2026-03-18 03:00:23] =========================================
[2026-03-18 03:00:23] Temp files cleaned up
[2026-03-19 03:00:07] =========================================
[2026-03-19 03:00:07] 🔧 Backup started (2026-03-19)
[2026-03-19 03:00:07] =========================================
[2026-03-19 03:00:07] 📦 Step 1: Snapshotting database...
[2026-03-19 03:00:07]   Database snapshot:  80K
[2026-03-19 03:00:07] 📦 Step 2: Creating workspace archive...
[2026-03-19 03:00:10]   Archive created: kande-backup-2026-03-19-0300.tar.gz ( 80M)
[2026-03-19 03:00:10] 📤 Step 3: Uploading to Google Drive...
[2026-03-19 03:00:21]   ✅ Upload complete
[2026-03-19 03:00:21] 🗑️ Step 4: Enforcing 8-day retention...
[2026-03-19 03:00:25]   Old backups pruned
[2026-03-19 03:00:25] ✔️ Step 5: Verifying upload...
[2026-03-19 03:00:26]   ✅ Verified: backup exists on Google Drive
[2026-03-19 03:00:27]   Total daily backups on Drive: 8
[2026-03-19 03:00:27] =========================================
[2026-03-19 03:00:27] ✅ Backup complete!
[2026-03-19 03:00:27]   Archive: kande-backup-2026-03-19-0300.tar.gz ( 80M)
[2026-03-19 03:00:27]   Database: database-2026-03-19.json
[2026-03-19 03:00:27]   Destination: gdrive:KandeVendTech-Backups
[2026-03-19 03:00:27] =========================================
[2026-03-19 03:00:27] Temp files cleaned up
[2026-03-20 03:00:04] =========================================
[2026-03-20 03:00:04] 🔧 Backup started (2026-03-20)
[2026-03-20 03:00:04] =========================================
[2026-03-20 03:00:04] 📦 Step 1: Snapshotting database...
[2026-03-20 03:00:04]   Database snapshot:  80K
[2026-03-20 03:00:04] 📦 Step 2: Creating workspace archive...
[2026-03-20 03:00:07]   Archive created: kande-backup-2026-03-20-0300.tar.gz ( 80M)
[2026-03-20 03:00:07] 📤 Step 3: Uploading to Google Drive...
[2026-03-20 03:00:17]   ✅ Upload complete
[2026-03-20 03:00:17] 🗑️ Step 4: Enforcing 8-day retention...
[2026-03-20 03:00:20]   Old backups pruned
[2026-03-20 03:00:20] ✔️ Step 5: Verifying upload...
[2026-03-20 03:00:21]   ✅ Verified: backup exists on Google Drive
[2026-03-20 03:00:22]   Total daily backups on Drive: 8
[2026-03-20 03:00:22] =========================================
[2026-03-20 03:00:22] ✅ Backup complete!
[2026-03-20 03:00:22]   Archive: kande-backup-2026-03-20-0300.tar.gz ( 80M)
[2026-03-20 03:00:22]   Database: database-2026-03-20.json
[2026-03-20 03:00:22]   Destination: gdrive:KandeVendTech-Backups
[2026-03-20 03:00:22] =========================================
[2026-03-20 03:00:22] Temp files cleaned up
[2026-03-21 03:00:07] =========================================
[2026-03-21 03:00:07] 🔧 Backup started (2026-03-21)
[2026-03-21 03:00:07] =========================================
[2026-03-21 03:00:07] 📦 Step 1: Snapshotting database...
[2026-03-21 03:00:07]   Database snapshot:  80K
[2026-03-21 03:00:07] 📦 Step 2: Creating workspace archive...
[2026-03-21 03:00:10]   Archive created: kande-backup-2026-03-21-0300.tar.gz ( 81M)
[2026-03-21 03:00:10] 📤 Step 3: Uploading to Google Drive...
[2026-03-21 03:00:20]   ✅ Upload complete
[2026-03-21 03:00:20] 🗑️ Step 4: Enforcing 8-day retention...
[2026-03-21 03:00:23]   Old backups pruned
[2026-03-21 03:00:23] ✔️ Step 5: Verifying upload...
[2026-03-21 03:00:23]   ✅ Verified: backup exists on Google Drive
[2026-03-21 03:00:24]   Total daily backups on Drive: 8
[2026-03-21 03:00:24] =========================================
[2026-03-21 03:00:24] ✅ Backup complete!
[2026-03-21 03:00:24]   Archive: kande-backup-2026-03-21-0300.tar.gz ( 81M)
[2026-03-21 03:00:24]   Database: database-2026-03-21.json
[2026-03-21 03:00:24]   Destination: gdrive:KandeVendTech-Backups
[2026-03-21 03:00:24] =========================================
[2026-03-21 03:00:24] Temp files cleaned up
[2026-03-22 03:00:06] =========================================
[2026-03-22 03:00:06] 🔧 Backup started (2026-03-22)
[2026-03-22 03:00:06] =========================================
[2026-03-22 03:00:06] 📦 Step 1: Snapshotting database...
[2026-03-22 03:00:06]   Database snapshot:  80K
[2026-03-22 03:00:06] 📦 Step 2: Creating workspace archive...
[2026-03-22 03:00:09]   Archive created: kande-backup-2026-03-22-0300.tar.gz ( 80M)
[2026-03-22 03:00:09] 📤 Step 3: Uploading to Google Drive...
[2026-03-22 03:00:19]   ✅ Upload complete
[2026-03-22 03:00:19] 🗑️ Step 4: Enforcing 8-day retention...
[2026-03-22 03:00:22]   Old backups pruned
[2026-03-22 03:00:22] ✔️ Step 5: Verifying upload...
[2026-03-22 03:00:23]   ✅ Verified: backup exists on Google Drive
[2026-03-22 03:00:24]   Total daily backups on Drive: 8
[2026-03-22 03:00:24] =========================================
[2026-03-22 03:00:24] ✅ Backup complete!
[2026-03-22 03:00:24]   Archive: kande-backup-2026-03-22-0300.tar.gz ( 80M)
[2026-03-22 03:00:24]   Database: database-2026-03-22.json
[2026-03-22 03:00:24]   Destination: gdrive:KandeVendTech-Backups
[2026-03-22 03:00:24] =========================================
[2026-03-22 03:00:24] Temp files cleaned up
[2026-03-23 03:00:05] =========================================
[2026-03-23 03:00:05] 🔧 Backup started (2026-03-23)
[2026-03-23 03:00:05] =========================================
[2026-03-23 03:00:05] 📦 Step 1: Snapshotting database...
[2026-03-23 03:00:05]   Database snapshot:  80K
[2026-03-23 03:00:05] 📦 Step 2: Creating workspace archive...
[2026-03-23 03:00:08]   Archive created: kande-backup-2026-03-23-0300.tar.gz ( 80M)
[2026-03-23 03:00:08] 📤 Step 3: Uploading to Google Drive...
[2026-03-23 03:00:18]   ✅ Upload complete
[2026-03-23 03:00:18] 🗑️ Step 4: Enforcing 8-day retention...
[2026-03-23 03:00:21]   Old backups pruned
[2026-03-23 03:00:21] ✔️ Step 5: Verifying upload...
[2026-03-23 03:00:22]   ✅ Verified: backup exists on Google Drive
[2026-03-23 03:00:23]   Total daily backups on Drive: 8
[2026-03-23 03:00:23] =========================================
[2026-03-23 03:00:23] ✅ Backup complete!
[2026-03-23 03:00:23]   Archive: kande-backup-2026-03-23-0300.tar.gz ( 80M)
[2026-03-23 03:00:23]   Database: database-2026-03-23.json
[2026-03-23 03:00:23]   Destination: gdrive:KandeVendTech-Backups
[2026-03-23 03:00:23] =========================================
[2026-03-23 03:00:23] Temp files cleaned up
[2026-03-24 03:00:06] =========================================
[2026-03-24 03:00:06] 🔧 Backup started (2026-03-24)
[2026-03-24 03:00:06] =========================================
[2026-03-24 03:00:06] 📦 Step 1: Snapshotting database...
[2026-03-24 03:00:06]   Database snapshot:  80K
[2026-03-24 03:00:06] 📦 Step 2: Creating workspace archive...
[2026-03-24 03:00:09]   Archive created: kande-backup-2026-03-24-0300.tar.gz ( 81M)
[2026-03-24 03:00:09] 📤 Step 3: Uploading to Google Drive...
[2026-03-24 03:00:19]   ✅ Upload complete
[2026-03-24 03:00:19] 🗑️ Step 4: Enforcing 8-day retention...
[2026-03-24 03:00:23]   Old backups pruned
[2026-03-24 03:00:23] ✔️ Step 5: Verifying upload...
[2026-03-24 03:00:24]   ✅ Verified: backup exists on Google Drive
[2026-03-24 03:00:25]   Total daily backups on Drive: 8
[2026-03-24 03:00:25] =========================================
[2026-03-24 03:00:25] ✅ Backup complete!
[2026-03-24 03:00:25]   Archive: kande-backup-2026-03-24-0300.tar.gz ( 81M)
[2026-03-24 03:00:25]   Database: database-2026-03-24.json
[2026-03-24 03:00:25]   Destination: gdrive:KandeVendTech-Backups
[2026-03-24 03:00:25] =========================================
[2026-03-24 03:00:25] Temp files cleaned up
[2026-03-25 03:14:47] =========================================
[2026-03-25 03:14:47] 🔧 Backup started (2026-03-25)
[2026-03-25 03:14:47] =========================================
[2026-03-25 03:14:47] 📦 Step 1: Snapshotting database...
[2026-03-25 03:14:47]   Database snapshot:  80K
[2026-03-25 03:14:47] 📦 Step 2: Creating workspace archive...
[2026-03-25 03:14:51]   Archive created: kande-backup-2026-03-25-0314.tar.gz ( 81M)
[2026-03-25 03:14:51] 📤 Step 3: Uploading to Google Drive...
[2026-03-25 03:15:01]   ✅ Upload complete
[2026-03-25 03:15:01] 🗑️ Step 4: Enforcing 8-day retention...
[2026-03-25 03:15:04]   Old backups pruned
[2026-03-25 03:15:04] ✔️ Step 5: Verifying upload...
[2026-03-25 03:15:05]   ✅ Verified: backup exists on Google Drive
[2026-03-25 03:15:06]   Total daily backups on Drive: 8
[2026-03-25 03:15:06] =========================================
[2026-03-25 03:15:06] ✅ Backup complete!
[2026-03-25 03:15:06]   Archive: kande-backup-2026-03-25-0314.tar.gz ( 81M)
[2026-03-25 03:15:06]   Database: database-2026-03-25.json
[2026-03-25 03:15:06]   Destination: gdrive:KandeVendTech-Backups
[2026-03-25 03:15:06] =========================================
[2026-03-25 03:15:06] Temp files cleaned up
[2026-03-26 03:00:08] =========================================
[2026-03-26 03:00:08] 🔧 Backup started (2026-03-26)
[2026-03-26 03:00:08] =========================================
[2026-03-26 03:00:08] 📦 Step 1: Snapshotting database...
[2026-03-26 03:00:08]   Database snapshot:  80K
[2026-03-26 03:00:08] 📦 Step 2: Creating workspace archive...
[2026-03-26 03:00:11]   Archive created: kande-backup-2026-03-26-0300.tar.gz ( 81M)
[2026-03-26 03:00:11] 📤 Step 3: Uploading to Google Drive...
[2026-03-26 03:00:22]   ✅ Upload complete
[2026-03-26 03:00:22] 🗑️ Step 4: Enforcing 8-day retention...
[2026-03-26 03:00:25]   Old backups pruned
[2026-03-26 03:00:25] ✔️ Step 5: Verifying upload...
[2026-03-26 03:00:26]   ✅ Verified: backup exists on Google Drive
[2026-03-26 03:00:27]   Total daily backups on Drive: 8
[2026-03-26 03:00:27] =========================================
[2026-03-26 03:00:27] ✅ Backup complete!
[2026-03-26 03:00:27]   Archive: kande-backup-2026-03-26-0300.tar.gz ( 81M)
[2026-03-26 03:00:27]   Database: database-2026-03-26.json
[2026-03-26 03:00:27]   Destination: gdrive:KandeVendTech-Backups
[2026-03-26 03:00:27] =========================================
[2026-03-26 03:00:27] Temp files cleaned up
[2026-03-27 03:00:07] =========================================
[2026-03-27 03:00:07] 🔧 Backup started (2026-03-27)
[2026-03-27 03:00:07] =========================================
[2026-03-27 03:00:07] 📦 Step 1: Snapshotting database...
[2026-03-27 03:00:07]   Database snapshot:  80K
[2026-03-27 03:00:07] 📦 Step 2: Creating workspace archive...
[2026-03-27 03:00:10]   Archive created: kande-backup-2026-03-27-0300.tar.gz ( 81M)
[2026-03-27 03:00:10] 📤 Step 3: Uploading to Google Drive...
[2026-03-27 03:00:20]   ✅ Upload complete
[2026-03-27 03:00:20] 🗑️ Step 4: Enforcing 8-day retention...
[2026-03-27 03:00:23]   Old backups pruned
[2026-03-27 03:00:23] ✔️ Step 5: Verifying upload...
[2026-03-27 03:00:24]   ✅ Verified: backup exists on Google Drive
[2026-03-27 03:00:25]   Total daily backups on Drive: 8
[2026-03-27 03:00:25] =========================================
[2026-03-27 03:00:25] ✅ Backup complete!
[2026-03-27 03:00:25]   Archive: kande-backup-2026-03-27-0300.tar.gz ( 81M)
[2026-03-27 03:00:25]   Database: database-2026-03-27.json
[2026-03-27 03:00:25]   Destination: gdrive:KandeVendTech-Backups
[2026-03-27 03:00:25] =========================================
[2026-03-27 03:00:25] Temp files cleaned up
[2026-03-28 03:00:08] =========================================
[2026-03-28 03:00:08] 🔧 Backup started (2026-03-28)
[2026-03-28 03:00:08] =========================================
[2026-03-28 03:00:08] 📦 Step 1: Snapshotting database...
[2026-03-28 03:00:08]   Database snapshot:  80K
[2026-03-28 03:00:08] 📦 Step 2: Creating workspace archive...
[2026-03-28 03:00:11]   Archive created: kande-backup-2026-03-28-0300.tar.gz ( 81M)
[2026-03-28 03:00:11] 📤 Step 3: Uploading to Google Drive...
[2026-03-28 03:00:21]   ✅ Upload complete
[2026-03-28 03:00:21] 🗑️ Step 4: Enforcing 8-day retention...
[2026-03-28 03:00:24]   Old backups pruned
[2026-03-28 03:00:24] ✔️ Step 5: Verifying upload...
[2026-03-28 03:00:24]   ✅ Verified: backup exists on Google Drive
[2026-03-28 03:00:25]   Total daily backups on Drive: 8
[2026-03-28 03:00:25] =========================================
[2026-03-28 03:00:25] ✅ Backup complete!
[2026-03-28 03:00:25]   Archive: kande-backup-2026-03-28-0300.tar.gz ( 81M)
[2026-03-28 03:00:25]   Database: database-2026-03-28.json
[2026-03-28 03:00:25]   Destination: gdrive:KandeVendTech-Backups
[2026-03-28 03:00:25] =========================================
[2026-03-28 03:00:25] Temp files cleaned up
[2026-03-29 03:00:04] =========================================
[2026-03-29 03:00:04] 🔧 Backup started (2026-03-29)
[2026-03-29 03:00:04] =========================================
[2026-03-29 03:00:04] 📦 Step 1: Snapshotting database...
[2026-03-29 03:00:04]   Database snapshot:  80K
[2026-03-29 03:00:04] 📦 Step 2: Creating workspace archive...
[2026-03-29 03:00:08]   Archive created: kande-backup-2026-03-29-0300.tar.gz ( 81M)
[2026-03-29 03:00:08] 📤 Step 3: Uploading to Google Drive...
[2026-03-29 03:00:17]   ✅ Upload complete
[2026-03-29 03:00:17] 🗑️ Step 4: Enforcing 8-day retention...
[2026-03-29 03:00:20]   Old backups pruned
[2026-03-29 03:00:20] ✔️ Step 5: Verifying upload...
[2026-03-29 03:00:21]   ✅ Verified: backup exists on Google Drive
[2026-03-29 03:00:22]   Total daily backups on Drive: 8
[2026-03-29 03:00:22] =========================================
[2026-03-29 03:00:22] ✅ Backup complete!
[2026-03-29 03:00:22]   Archive: kande-backup-2026-03-29-0300.tar.gz ( 81M)
[2026-03-29 03:00:22]   Database: database-2026-03-29.json
[2026-03-29 03:00:22]   Destination: gdrive:KandeVendTech-Backups
[2026-03-29 03:00:22] =========================================
[2026-03-29 03:00:22] Temp files cleaned up
[2026-03-30 03:02:32] =========================================
[2026-03-30 03:02:32] 🔧 Backup started (2026-03-30)
[2026-03-30 03:02:32] =========================================
[2026-03-30 03:02:32] 📦 Step 1: Snapshotting database...
[2026-03-30 03:02:32]   Database snapshot:  80K
[2026-03-30 03:02:32] 📦 Step 2: Creating workspace archive...
[2026-03-30 03:02:36]   Archive created: kande-backup-2026-03-30-0302.tar.gz ( 81M)
[2026-03-30 03:02:36] 📤 Step 3: Uploading to Google Drive...
[2026-03-30 03:02:46]   ✅ Upload complete
[2026-03-30 03:02:46] 🗑️ Step 4: Enforcing 8-day retention...
[2026-03-30 03:02:50]   Old backups pruned
[2026-03-30 03:02:50] ✔️ Step 5: Verifying upload...
[2026-03-30 03:02:51]   ✅ Verified: backup exists on Google Drive
[2026-03-30 03:02:52]   Total daily backups on Drive: 8
[2026-03-30 03:02:52] =========================================
[2026-03-30 03:02:52] ✅ Backup complete!
[2026-03-30 03:02:52]   Archive: kande-backup-2026-03-30-0302.tar.gz ( 81M)
[2026-03-30 03:02:52]   Database: database-2026-03-30.json
[2026-03-30 03:02:52]   Destination: gdrive:KandeVendTech-Backups
[2026-03-30 03:02:52] =========================================
[2026-03-30 03:02:52] Temp files cleaned up
[2026-03-31 03:00:08] =========================================
[2026-03-31 03:00:08] 🔧 Backup started (2026-03-31)
[2026-03-31 03:00:08] =========================================
[2026-03-31 03:00:08] 📦 Step 1: Snapshotting database...
[2026-03-31 03:00:08]   Database snapshot:  80K
[2026-03-31 03:00:08] 📦 Step 2: Creating workspace archive...
[2026-03-31 03:00:11]   Archive created: kande-backup-2026-03-31-0300.tar.gz ( 80M)
[2026-03-31 03:00:11] 📤 Step 3: Uploading to Google Drive...
[2026-03-31 03:00:22]   ✅ Upload complete
[2026-03-31 03:00:22] 🗑️ Step 4: Enforcing 8-day retention...
[2026-03-31 03:00:25]   Old backups pruned
[2026-03-31 03:00:25] ✔️ Step 5: Verifying upload...
[2026-03-31 03:00:26]   ✅ Verified: backup exists on Google Drive
[2026-03-31 03:00:27]   Total daily backups on Drive: 8
[2026-03-31 03:00:27] =========================================
[2026-03-31 03:00:27] ✅ Backup complete!
[2026-03-31 03:00:27]   Archive: kande-backup-2026-03-31-0300.tar.gz ( 80M)
[2026-03-31 03:00:27]   Database: database-2026-03-31.json
[2026-03-31 03:00:27]   Destination: gdrive:KandeVendTech-Backups
[2026-03-31 03:00:27] =========================================
[2026-03-31 03:00:27] Temp files cleaned up
[2026-04-08 20:23:07] =========================================
[2026-04-08 20:23:07] 🔧 Backup started (2026-04-08)
[2026-04-08 20:23:07] =========================================
[2026-04-08 20:23:07] 📦 Step 1: Snapshotting database...
[2026-04-08 20:23:07]   Database snapshot:  80K
[2026-04-08 20:23:07] 📦 Step 2: Creating workspace archive...
[2026-04-08 20:23:14]   Archive created: kande-backup-2026-04-08-2023.tar.gz (129M)
[2026-04-08 20:23:14] 📤 Step 3: Uploading to Google Drive...
[2026-04-08 20:23:27]   ✅ Upload complete
[2026-04-08 20:23:27] 🗑️ Step 4: Enforcing 8-day retention...
[2026-04-08 20:23:31]   Old backups pruned
[2026-04-08 20:23:31] ✔️ Step 5: Verifying upload...
[2026-04-08 20:23:32]   ✅ Verified: backup exists on Google Drive
[2026-04-08 20:23:33]   Total daily backups on Drive: 1
[2026-04-08 20:23:33] =========================================
[2026-04-08 20:23:33] ✅ Backup complete!
[2026-04-08 20:23:33]   Archive: kande-backup-2026-04-08-2023.tar.gz (129M)
[2026-04-08 20:23:33]   Database: database-2026-04-08.json
[2026-04-08 20:23:33]   Destination: gdrive:KandeVendTech-Backups
[2026-04-08 20:23:33] =========================================
[2026-04-08 20:23:33] Temp files cleaned up
